<?xml version="1.0" encoding="UTF-8"?>
<coverage generated="1755716868697" clover="3.2.0">
  <project timestamp="1755716868697" name="All files">
    <metrics statements="3" coveredstatements="3" conditionals="2" coveredconditionals="2" methods="1" coveredmethods="1" elements="6" coveredelements="6" complexity="0" loc="3" ncloc="3" packages="1" files="1" classes="1"/>
    <file name="Day1_Hello.tsx" path="/Users/abhisek/Desktop/react-learning-path/src/components/Day1_Hello.tsx">
      <metrics statements="3" coveredstatements="3" conditionals="2" coveredconditionals="2" methods="1" coveredmethods="1"/>
      <line num="8" count="1" type="stmt"/>
      <line num="9" count="3" type="stmt"/>
      <line num="16" count="1" type="stmt"/>
    </file>
  </project>
</coverage>
