{"/Users/abhisek/Desktop/react-learning-path/src/components/Day1_Hello.tsx": {"path":"/Users/abhisek/Desktop/react-learning-path/src/components/Day1_Hello.tsx","statementMap":{"0":{"start":{"line":8,"column":41},"end":{"line":14,"column":1}},"1":{"start":{"line":9,"column":4},"end":{"line":13,"column":6}},"2":{"start":{"line":16,"column":0},"end":{"line":16,"column":26}}},"fnMap":{"0":{"name":"(anonymous_0)","decl":{"start":{"line":8,"column":41},"end":{"line":8,"column":42}},"loc":{"start":{"line":8,"column":59},"end":{"line":14,"column":1}}}},"branchMap":{"0":{"loc":{"start":{"line":11,"column":28},"end":{"line":11,"column":54}},"type":"cond-expr","locations":[{"start":{"line":11,"column":34},"end":{"line":11,"column":49}},{"start":{"line":11,"column":52},"end":{"line":11,"column":54}}]}},"s":{"0":1,"1":3,"2":1},"f":{"0":3},"b":{"0":[1,2]}}
}
